<html xmlns:math="http://exslt.org/math" xmlns:testng="http://testng.org">
   <head>
      <title>TestNG Results</title>
      <meta http-equiv="content-type" content="text/html; charset=utf-8"></meta>
      <meta http-equiv="pragma" content="no-cache"></meta>
      <meta http-equiv="cache-control" content="max-age=0"></meta>
      <meta http-equiv="cache-control" content="no-cache"></meta>
      <meta http-equiv="cache-control" content="no-store"></meta>
      <LINK rel="stylesheet" href="style.css"></LINK>
      <script type="text/javascript" src="main.js"></script>
   </head>
   <body>
      <table width="100%" style="font-size: 16px; margin-bottom: 10px;" cellspacing="1">
         <tr>
            <td width="100%">
               Test case
               
               <b>MercuryTests</b>
            </td>
            <td style="background-color: #FFBBBB; padding: 3px 3px 3px 0;" align="center">
               <div style="width: 50px;">4</div>
            </td>
            <td style="background-color: lightgreen; padding: 3px 3px 3px 0;" align="center">
               <div style="width: 50px;">2</div>
            </td>
            <td style="background-color: #FFFFBB; padding: 3px 3px 3px 0;" align="center">
               <div style="width: 50px;">0</div>
            </td>
            <td align="center" style="background-color: #eaf0f7; padding: 3px 3px 3px 0;">
               <div style="width: 50px;">6</div>
            </td>
            <td align="center"
                style="font-weight: bold; background-color: #eaf0f7; padding: 3px 3px 3px 0;">
               <div style="width: 50px;">33%</div>
            </td>
            <td style="background-color: #eaf0f7; padding: 3px 3px 3px 0;" align="center"
                nowrap="true">49s
               
            </td>
         </tr>
      </table>
      <div style="width: 200px;">
         <label for="groupMethodsCheckBox" style="font-weight: bold; margin: 0;">
            <input id="groupMethodsCheckBox" type="checkbox" onclick="switchTestMethodsView(this)"
                   checked=""></input>
            Group by class
            
         </label>
         <br></br>
         <label for="methodsFilter_ALL" style="font-weight: bold; margin: 0;">
            <input id="methodsFilter_ALL" type="checkbox"
                   onclick="testMethodsFilterChanged(this, 'ALL')"
                   checked=""></input>
            All
            
         </label>
      </div>
      <label for="methodsFilter_FAIL" style="margin-left: 20px;">
         <input id="methodsFilter_FAIL" type="checkbox"
                onclick="testMethodsFilterChanged(this, 'FAIL')"
                checked=""></input>
         Failed
         
      </label>
      <label for="methodsFilter_PASS">
         <input id="methodsFilter_PASS" type="checkbox"
                onclick="testMethodsFilterChanged(this, 'PASS')"
                checked=""></input>
         Passed
         
      </label>
      <label for="methodsFilter_SKIP">
         <input id="methodsFilter_SKIP" type="checkbox"
                onclick="testMethodsFilterChanged(this, 'SKIP')"
                checked=""></input>
         Skipped
         
      </label>
      <label for="methodsFilter_CONF">
         <input id="methodsFilter_CONF" type="checkbox"
                onclick="testMethodsFilterChanged(this, 'CONF')"
                checked=""></input>
         Config
         
      </label>
      <br></br>
      <div id="testMethodsByStatus" style="display: none;">
         <table class="testMethodsTable" cellpadding="0" cellspacing="0">
            <tr class="methodsTableHeader">
               <td width="100%">Name</td>
               <td nowrap="true">Started</td>
               <td nowrap="true">Duration</td>
               <td>Exception</td>
            </tr>
            <tr id="TestCases.FlightFinder_FindFlight_byStatus_failed_FAIL1_row"
                class="testMethodStatusFAIL">
               <td width="100%" class="firstMethodCell">
                  <a onclick="toggleDetailsVisibility('TestCases.FlightFinder_FindFlight_byStatus_failed_FAIL1_details')">FindFlight()</a>
               </td>
               <td nowrap="true">01:29:48</td>
               <td nowrap="true" align="right">3s
                  
               </td>
               <td nowrap="true">
                  <a onclick="toggleDetailsVisibility('TestCases.FlightFinder_FindFlight_byStatus_failed_FAIL1_exception')">org.openqa.selenium.NoSuchElementException: 
                     Unable to locate element: {"method":"xpath","selector":"html/body/div[1]/table/tbody/tr/td[2]/table/tbody/tr[4]/td/table/tbody/tr/td[2]/table/tbody/tr[5]/td/form/table/tbody/tr[2]/td[2]/b/font/input[1]"}
                     Command duration or timeout: 1.78 seconds
                     For documentation on this error, please visit: http://seleniumhq.org/exceptions/no_such_element.html
                     Build info: version: '2.46.0', revision: '87c69e2', time: '2015-06-04 16:17:10'
                     System info: host: 'Lokesh-PC', ip: '192.168.1.12', os.name: 'Windows 10', os.arch: 'x86', os.version: '10.0', java.version:
                     '1.8.0_65'
                     Driver info: org.openqa.selenium.firefox.FirefoxDriver
                     Capabilities [{applicationCacheEnabled=true, rotatable=false, handlesAlerts=true, databaseEnabled=true, version=39.0, platform=WINDOWS,
                     nativeEvents=false, acceptSslCerts=true, webStorageEnabled=true, locationContextEnabled=true, browserName=firefox, takesScreenshot=true,
                     javascriptEnabled=true, cssSelectorsEnabled=true}]
                     Session ID: 66378909-81b0-4a2a-8c8f-c526a8a5abec
                     *** Element info: {Using=xpath, value=html/body/div[1]/table/tbody/tr/td[2]/table/tbody/tr[4]/td/table/tbody/tr/td[2]/table/tbody/tr[5]/td/form/table/tbody/tr[2]/td[2]/b/font/input[1]}
                     
                  </a>
                   
                  
               </td>
            </tr>
            <tr>
               <td colspan="4" class="detailsBox">
                  <div id="TestCases.FlightFinder_FindFlight_byStatus_failed_FAIL1_details"
                       class="testMethodDetails">
                     <div>
                        <b>Name: </b>FindFlight
                     </div>
                     <div>
                        <b>Signature: </b>FindFlight()[pri:1, instance:TestCases.FlightFinder@3b1d11]
                     </div>
                     <div>
                        <b>Start time: </b>01:29:48
                     </div>
                     <div>
                        <b>End time: </b>01:29:51
                     </div>
                     <div>
                        <b>Duration: </b>3s
                        
                     </div>
                  </div>
               </td>
            </tr>
            <tr>
               <td colspan="4" class="detailsBox">
                  <div id="TestCases.FlightFinder_FindFlight_byStatus_failed_FAIL1_exception"
                       class="testMethodDetails">
                     <pre style="padding: 5px; margin: 0;">org.openqa.selenium.NoSuchElementException: Unable to locate element: {"method":"xpath","selector":"html/body/div[1]/table/tbody/tr/td[2]/table/tbody/tr[4]/td/table/tbody/tr/td[2]/table/tbody/tr[5]/td/form/table/tbody/tr[2]/td[2]/b/font/input[1]"}
                        Command duration or timeout: 1.78 seconds
                        For documentation on this error, please visit: http://seleniumhq.org/exceptions/no_such_element.html
                        Build info: version: '2.46.0', revision: '87c69e2', time: '2015-06-04 16:17:10'
                        System info: host: 'Lokesh-PC', ip: '192.168.1.12', os.name: 'Windows 10', os.arch: 'x86', os.version: '10.0', java.version:
                        '1.8.0_65'
                        Driver info: org.openqa.selenium.firefox.FirefoxDriver
                        Capabilities [{applicationCacheEnabled=true, rotatable=false, handlesAlerts=true, databaseEnabled=true, version=39.0, platform=WINDOWS,
                        nativeEvents=false, acceptSslCerts=true, webStorageEnabled=true, locationContextEnabled=true, browserName=firefox, takesScreenshot=true,
                        javascriptEnabled=true, cssSelectorsEnabled=true}]
                        Session ID: 66378909-81b0-4a2a-8c8f-c526a8a5abec
                        *** Element info: {Using=xpath, value=html/body/div[1]/table/tbody/tr/td[2]/table/tbody/tr[4]/td/table/tbody/tr/td[2]/table/tbody/tr[5]/td/form/table/tbody/tr[2]/td[2]/b/font/input[1]}
                        	at sun.reflect.NativeConstructorAccessorImpl.newInstance0(Native Method)
                        	at sun.reflect.NativeConstructorAccessorImpl.newInstance(Unknown Source)
                        	at sun.reflect.DelegatingConstructorAccessorImpl.newInstance(Unknown Source)
                        	at java.lang.reflect.Constructor.newInstance(Unknown Source)
                        	at org.openqa.selenium.remote.ErrorHandler.createThrowable(ErrorHandler.java:204)
                        	at org.openqa.selenium.remote.ErrorHandler.throwIfResponseFailed(ErrorHandler.java:156)
                        	at org.openqa.selenium.remote.RemoteWebDriver.execute(RemoteWebDriver.java:605)
                        	at org.openqa.selenium.remote.RemoteWebDriver.findElement(RemoteWebDriver.java:358)
                        	at org.openqa.selenium.remote.RemoteWebDriver.findElementByXPath(RemoteWebDriver.java:455)
                        	at org.openqa.selenium.By$ByXPath.findElement(By.java:358)
                        	at org.openqa.selenium.remote.RemoteWebDriver.findElement(RemoteWebDriver.java:350)
                        	at TestCases.FlightFinder.FindFlight(FlightFinder.java:15)
                        	at sun.reflect.NativeMethodAccessorImpl.invoke0(Native Method)
                        	at sun.reflect.NativeMethodAccessorImpl.invoke(Unknown Source)
                        	at sun.reflect.DelegatingMethodAccessorImpl.invoke(Unknown Source)
                        	at java.lang.reflect.Method.invoke(Unknown Source)
                        	at org.testng.internal.MethodInvocationHelper.invokeMethod(MethodInvocationHelper.java:86)
                        	at org.testng.internal.Invoker.invokeMethod(Invoker.java:645)
                        	at org.testng.internal.Invoker.invokeTestMethod(Invoker.java:822)
                        	at org.testng.internal.Invoker.invokeTestMethods(Invoker.java:1130)
                        	at org.testng.internal.TestMethodWorker.invokeTestMethods(TestMethodWorker.java:129)
                        	at org.testng.internal.TestMethodWorker.run(TestMethodWorker.java:112)
                        	at org.testng.TestRunner.privateRun(TestRunner.java:782)
                        	at org.testng.TestRunner.run(TestRunner.java:632)
                        	at org.testng.SuiteRunner.runTest(SuiteRunner.java:366)
                        	at org.testng.SuiteRunner.runSequentially(SuiteRunner.java:361)
                        	at org.testng.SuiteRunner.privateRun(SuiteRunner.java:319)
                        	at org.testng.SuiteRunner.run(SuiteRunner.java:268)
                        	at org.testng.SuiteRunnerWorker.runSuite(SuiteRunnerWorker.java:52)
                        	at org.testng.SuiteRunnerWorker.run(SuiteRunnerWorker.java:86)
                        	at org.testng.TestNG.runSuitesSequentially(TestNG.java:1244)
                        	at org.testng.TestNG.runSuitesLocally(TestNG.java:1169)
                        	at org.testng.TestNG.run(TestNG.java:1064)
                        	at org.testng.remote.RemoteTestNG.run(RemoteTestNG.java:113)
                        	at org.testng.remote.RemoteTestNG.initAndRun(RemoteTestNG.java:206)
                        	at org.testng.remote.RemoteTestNG.main(RemoteTestNG.java:177)
                        Caused by: org.openqa.selenium.NoSuchElementException: Unable to locate element: {"method":"xpath","selector":"html/body/div[1]/table/tbody/tr/td[2]/table/tbody/tr[4]/td/table/tbody/tr/td[2]/table/tbody/tr[5]/td/form/table/tbody/tr[2]/td[2]/b/font/input[1]"}
                        For documentation on this error, please visit: http://seleniumhq.org/exceptions/no_such_element.html
                        Build info: version: '2.46.0', revision: '87c69e2', time: '2015-06-04 16:17:10'
                        System info: host: 'Lokesh-PC', ip: '192.168.1.12', os.name: 'Windows 10', os.arch: 'x86', os.version: '10.0', java.version:
                        '1.8.0_65'
                        Driver info: driver.version: unknown
                        	at &lt;anonymous class&gt;.FirefoxDriver.prototype.findElementInternal_(file:///C:/Users/Lokesh/AppData/Local/Temp/anonymous7862368747580018708webdriver-profile/extensions/fxdriver@googlecode.com/components/driver-component.js:10299)
                        	at &lt;anonymous class&gt;.FirefoxDriver.prototype.findElement(file:///C:/Users/Lokesh/AppData/Local/Temp/anonymous7862368747580018708webdriver-profile/extensions/fxdriver@googlecode.com/components/driver-component.js:10308)
                        	at &lt;anonymous class&gt;.DelayedCommand.prototype.executeInternal_/h(file:///C:/Users/Lokesh/AppData/Local/Temp/anonymous7862368747580018708webdriver-profile/extensions/fxdriver@googlecode.com/components/command-processor.js:12282)
                        	at &lt;anonymous class&gt;.DelayedCommand.prototype.executeInternal_(file:///C:/Users/Lokesh/AppData/Local/Temp/anonymous7862368747580018708webdriver-profile/extensions/fxdriver@googlecode.com/components/command-processor.js:12287)
                        	at &lt;anonymous class&gt;.DelayedCommand.prototype.execute/&lt;(file:///C:/Users/Lokesh/AppData/Local/Temp/anonymous7862368747580018708webdriver-profile/extensions/fxdriver@googlecode.com/components/command-processor.js:12229)
                     </pre>
                  </div>
               </td>
            </tr>
            <tr id="TestCases.LoginTest_Login_byStatus_failed_FAIL2_row"
                class="testMethodStatusFAIL">
               <td width="100%" class="firstMethodCell">
                  <a onclick="toggleDetailsVisibility('TestCases.LoginTest_Login_byStatus_failed_FAIL2_details')">Login(aaalok
                     
                     ,
                     
                     aaa)
                  </a>
               </td>
               <td nowrap="true">01:29:35</td>
               <td nowrap="true" align="right">5s
                  
               </td>
               <td nowrap="true">
                  <a onclick="toggleDetailsVisibility('TestCases.LoginTest_Login_byStatus_failed_FAIL2_exception')">java.lang.AssertionError: 
                     expected [1] but found [0]
                     
                  </a>
                   
                  
               </td>
            </tr>
            <tr>
               <td colspan="4" class="detailsBox">
                  <div id="TestCases.LoginTest_Login_byStatus_failed_FAIL2_details"
                       class="testMethodDetails">
                     <div>
                        <b>Name: </b>Login
                     </div>
                     <div>
                        <b>Signature: </b>Login(java.lang.String, java.lang.String)[pri:1, instance:TestCases.LoginTest@fc185]
                     </div>
                     <div>
                        <b>Parameters: </b>
                        
                        aaalok
                        
                        ,
                        
                        aaa
                        
                        
                     </div>
                     <div>
                        <b>Start time: </b>01:29:35
                     </div>
                     <div>
                        <b>End time: </b>01:29:40
                     </div>
                     <div>
                        <b>Duration: </b>5s
                        
                     </div>
                  </div>
               </td>
            </tr>
            <tr>
               <td colspan="4" class="detailsBox">
                  <div id="TestCases.LoginTest_Login_byStatus_failed_FAIL2_exception"
                       class="testMethodDetails">
                     <pre style="padding: 5px; margin: 0;">java.lang.AssertionError: expected [1] but found [0]
                        	at org.testng.Assert.fail(Assert.java:94)
                        	at org.testng.Assert.failNotEquals(Assert.java:513)
                        	at org.testng.Assert.assertEqualsImpl(Assert.java:135)
                        	at org.testng.Assert.assertEquals(Assert.java:116)
                        	at org.testng.Assert.assertEquals(Assert.java:389)
                        	at org.testng.Assert.assertEquals(Assert.java:399)
                        	at TestCases.LoginTest.Login(LoginTest.java:46)
                        	at sun.reflect.NativeMethodAccessorImpl.invoke0(Native Method)
                        	at sun.reflect.NativeMethodAccessorImpl.invoke(Unknown Source)
                        	at sun.reflect.DelegatingMethodAccessorImpl.invoke(Unknown Source)
                        	at java.lang.reflect.Method.invoke(Unknown Source)
                        	at org.testng.internal.MethodInvocationHelper.invokeMethod(MethodInvocationHelper.java:86)
                        	at org.testng.internal.Invoker.invokeMethod(Invoker.java:645)
                        	at org.testng.internal.Invoker.invokeTestMethod(Invoker.java:822)
                        	at org.testng.internal.Invoker.invokeTestMethods(Invoker.java:1130)
                        	at org.testng.internal.TestMethodWorker.invokeTestMethods(TestMethodWorker.java:129)
                        	at org.testng.internal.TestMethodWorker.run(TestMethodWorker.java:112)
                        	at org.testng.TestRunner.privateRun(TestRunner.java:782)
                        	at org.testng.TestRunner.run(TestRunner.java:632)
                        	at org.testng.SuiteRunner.runTest(SuiteRunner.java:366)
                        	at org.testng.SuiteRunner.runSequentially(SuiteRunner.java:361)
                        	at org.testng.SuiteRunner.privateRun(SuiteRunner.java:319)
                        	at org.testng.SuiteRunner.run(SuiteRunner.java:268)
                        	at org.testng.SuiteRunnerWorker.runSuite(SuiteRunnerWorker.java:52)
                        	at org.testng.SuiteRunnerWorker.run(SuiteRunnerWorker.java:86)
                        	at org.testng.TestNG.runSuitesSequentially(TestNG.java:1244)
                        	at org.testng.TestNG.runSuitesLocally(TestNG.java:1169)
                        	at org.testng.TestNG.run(TestNG.java:1064)
                        	at org.testng.remote.RemoteTestNG.run(RemoteTestNG.java:113)
                        	at org.testng.remote.RemoteTestNG.initAndRun(RemoteTestNG.java:206)
                        	at org.testng.remote.RemoteTestNG.main(RemoteTestNG.java:177)
                     </pre>
                  </div>
               </td>
            </tr>
            <tr id="TestCases.LoginTest_Login_byStatus_failed_FAIL3_row"
                class="testMethodStatusFAIL">
               <td width="100%" class="firstMethodCell">
                  <a onclick="toggleDetailsVisibility('TestCases.LoginTest_Login_byStatus_failed_FAIL3_details')">Login(testlok
                     
                     ,
                     
                     aaa)
                  </a>
               </td>
               <td nowrap="true">01:29:41</td>
               <td nowrap="true" align="right">2s
                  
               </td>
               <td nowrap="true">
                  <a onclick="toggleDetailsVisibility('TestCases.LoginTest_Login_byStatus_failed_FAIL3_exception')">java.lang.AssertionError: 
                     expected [1] but found [0]
                     
                  </a>
                   
                  
               </td>
            </tr>
            <tr>
               <td colspan="4" class="detailsBox">
                  <div id="TestCases.LoginTest_Login_byStatus_failed_FAIL3_details"
                       class="testMethodDetails">
                     <div>
                        <b>Name: </b>Login
                     </div>
                     <div>
                        <b>Signature: </b>Login(java.lang.String, java.lang.String)[pri:1, instance:TestCases.LoginTest@fc185]
                     </div>
                     <div>
                        <b>Parameters: </b>
                        
                        testlok
                        
                        ,
                        
                        aaa
                        
                        
                     </div>
                     <div>
                        <b>Start time: </b>01:29:41
                     </div>
                     <div>
                        <b>End time: </b>01:29:43
                     </div>
                     <div>
                        <b>Duration: </b>2s
                        
                     </div>
                  </div>
               </td>
            </tr>
            <tr>
               <td colspan="4" class="detailsBox">
                  <div id="TestCases.LoginTest_Login_byStatus_failed_FAIL3_exception"
                       class="testMethodDetails">
                     <pre style="padding: 5px; margin: 0;">java.lang.AssertionError: expected [1] but found [0]
                        	at org.testng.Assert.fail(Assert.java:94)
                        	at org.testng.Assert.failNotEquals(Assert.java:513)
                        	at org.testng.Assert.assertEqualsImpl(Assert.java:135)
                        	at org.testng.Assert.assertEquals(Assert.java:116)
                        	at org.testng.Assert.assertEquals(Assert.java:389)
                        	at org.testng.Assert.assertEquals(Assert.java:399)
                        	at TestCases.LoginTest.Login(LoginTest.java:46)
                        	at sun.reflect.NativeMethodAccessorImpl.invoke0(Native Method)
                        	at sun.reflect.NativeMethodAccessorImpl.invoke(Unknown Source)
                        	at sun.reflect.DelegatingMethodAccessorImpl.invoke(Unknown Source)
                        	at java.lang.reflect.Method.invoke(Unknown Source)
                        	at org.testng.internal.MethodInvocationHelper.invokeMethod(MethodInvocationHelper.java:86)
                        	at org.testng.internal.Invoker.invokeMethod(Invoker.java:645)
                        	at org.testng.internal.Invoker.invokeTestMethod(Invoker.java:822)
                        	at org.testng.internal.Invoker.invokeTestMethods(Invoker.java:1130)
                        	at org.testng.internal.TestMethodWorker.invokeTestMethods(TestMethodWorker.java:129)
                        	at org.testng.internal.TestMethodWorker.run(TestMethodWorker.java:112)
                        	at org.testng.TestRunner.privateRun(TestRunner.java:782)
                        	at org.testng.TestRunner.run(TestRunner.java:632)
                        	at org.testng.SuiteRunner.runTest(SuiteRunner.java:366)
                        	at org.testng.SuiteRunner.runSequentially(SuiteRunner.java:361)
                        	at org.testng.SuiteRunner.privateRun(SuiteRunner.java:319)
                        	at org.testng.SuiteRunner.run(SuiteRunner.java:268)
                        	at org.testng.SuiteRunnerWorker.runSuite(SuiteRunnerWorker.java:52)
                        	at org.testng.SuiteRunnerWorker.run(SuiteRunnerWorker.java:86)
                        	at org.testng.TestNG.runSuitesSequentially(TestNG.java:1244)
                        	at org.testng.TestNG.runSuitesLocally(TestNG.java:1169)
                        	at org.testng.TestNG.run(TestNG.java:1064)
                        	at org.testng.remote.RemoteTestNG.run(RemoteTestNG.java:113)
                        	at org.testng.remote.RemoteTestNG.initAndRun(RemoteTestNG.java:206)
                        	at org.testng.remote.RemoteTestNG.main(RemoteTestNG.java:177)
                     </pre>
                  </div>
               </td>
            </tr>
            <tr id="TestCases.LoginTest_Login_byStatus_failed_FAIL4_row"
                class="testMethodStatusFAIL">
               <td width="100%" class="firstMethodCell">
                  <a onclick="toggleDetailsVisibility('TestCases.LoginTest_Login_byStatus_failed_FAIL4_details')">Login(bbblok
                     
                     ,
                     
                     bbb)
                  </a>
               </td>
               <td nowrap="true">01:29:43</td>
               <td nowrap="true" align="right">1s
                  
               </td>
               <td nowrap="true">
                  <a onclick="toggleDetailsVisibility('TestCases.LoginTest_Login_byStatus_failed_FAIL4_exception')">java.lang.AssertionError: 
                     expected [1] but found [0]
                     
                  </a>
                   
                  
               </td>
            </tr>
            <tr>
               <td colspan="4" class="detailsBox">
                  <div id="TestCases.LoginTest_Login_byStatus_failed_FAIL4_details"
                       class="testMethodDetails">
                     <div>
                        <b>Name: </b>Login
                     </div>
                     <div>
                        <b>Signature: </b>Login(java.lang.String, java.lang.String)[pri:1, instance:TestCases.LoginTest@fc185]
                     </div>
                     <div>
                        <b>Parameters: </b>
                        
                        bbblok
                        
                        ,
                        
                        bbb
                        
                        
                     </div>
                     <div>
                        <b>Start time: </b>01:29:43
                     </div>
                     <div>
                        <b>End time: </b>01:29:45
                     </div>
                     <div>
                        <b>Duration: </b>1s
                        
                     </div>
                  </div>
               </td>
            </tr>
            <tr>
               <td colspan="4" class="detailsBox">
                  <div id="TestCases.LoginTest_Login_byStatus_failed_FAIL4_exception"
                       class="testMethodDetails">
                     <pre style="padding: 5px; margin: 0;">java.lang.AssertionError: expected [1] but found [0]
                        	at org.testng.Assert.fail(Assert.java:94)
                        	at org.testng.Assert.failNotEquals(Assert.java:513)
                        	at org.testng.Assert.assertEqualsImpl(Assert.java:135)
                        	at org.testng.Assert.assertEquals(Assert.java:116)
                        	at org.testng.Assert.assertEquals(Assert.java:389)
                        	at org.testng.Assert.assertEquals(Assert.java:399)
                        	at TestCases.LoginTest.Login(LoginTest.java:46)
                        	at sun.reflect.NativeMethodAccessorImpl.invoke0(Native Method)
                        	at sun.reflect.NativeMethodAccessorImpl.invoke(Unknown Source)
                        	at sun.reflect.DelegatingMethodAccessorImpl.invoke(Unknown Source)
                        	at java.lang.reflect.Method.invoke(Unknown Source)
                        	at org.testng.internal.MethodInvocationHelper.invokeMethod(MethodInvocationHelper.java:86)
                        	at org.testng.internal.Invoker.invokeMethod(Invoker.java:645)
                        	at org.testng.internal.Invoker.invokeTestMethod(Invoker.java:822)
                        	at org.testng.internal.Invoker.invokeTestMethods(Invoker.java:1130)
                        	at org.testng.internal.TestMethodWorker.invokeTestMethods(TestMethodWorker.java:129)
                        	at org.testng.internal.TestMethodWorker.run(TestMethodWorker.java:112)
                        	at org.testng.TestRunner.privateRun(TestRunner.java:782)
                        	at org.testng.TestRunner.run(TestRunner.java:632)
                        	at org.testng.SuiteRunner.runTest(SuiteRunner.java:366)
                        	at org.testng.SuiteRunner.runSequentially(SuiteRunner.java:361)
                        	at org.testng.SuiteRunner.privateRun(SuiteRunner.java:319)
                        	at org.testng.SuiteRunner.run(SuiteRunner.java:268)
                        	at org.testng.SuiteRunnerWorker.runSuite(SuiteRunnerWorker.java:52)
                        	at org.testng.SuiteRunnerWorker.run(SuiteRunnerWorker.java:86)
                        	at org.testng.TestNG.runSuitesSequentially(TestNG.java:1244)
                        	at org.testng.TestNG.runSuitesLocally(TestNG.java:1169)
                        	at org.testng.TestNG.run(TestNG.java:1064)
                        	at org.testng.remote.RemoteTestNG.run(RemoteTestNG.java:113)
                        	at org.testng.remote.RemoteTestNG.initAndRun(RemoteTestNG.java:206)
                        	at org.testng.remote.RemoteTestNG.main(RemoteTestNG.java:177)
                     </pre>
                  </div>
               </td>
            </tr>
            <tr id="TestCases.LoginTest_SetUp_byStatus_passed_PASS1_row"
                class="testMethodStatusPASS testMethodStatusCONF">
               <td width="100%" class="firstMethodCell">
                  <a onclick="toggleDetailsVisibility('TestCases.LoginTest_SetUp_byStatus_passed_PASS1_details')">SetUp()</a>
               </td>
               <td nowrap="true">01:29:01</td>
               <td nowrap="true" align="right">31s
                  
               </td>
               <td nowrap="true">
                   
                  
               </td>
            </tr>
            <tr>
               <td colspan="4" class="detailsBox">
                  <div id="TestCases.LoginTest_SetUp_byStatus_passed_PASS1_details"
                       class="testMethodDetails">
                     <div>
                        <b>Name: </b>SetUp
                     </div>
                     <div>
                        <b>Signature: </b>SetUp()[pri:0, instance:TestCases.LoginTest@fc185]
                     </div>
                     <div>
                        <b>Start time: </b>01:29:01
                     </div>
                     <div>
                        <b>End time: </b>01:29:32
                     </div>
                     <div>
                        <b>Duration: </b>31s
                        
                     </div>
                  </div>
               </td>
            </tr>
            <tr></tr>
            <tr id="TestCases.LoginTest_Login_byStatus_passed_PASS2_row"
                class="testMethodStatusPASS">
               <td width="100%" class="firstMethodCell">
                  <a onclick="toggleDetailsVisibility('TestCases.LoginTest_Login_byStatus_passed_PASS2_details')">Login(test
                     
                     ,
                     
                     test)
                  </a>
               </td>
               <td nowrap="true">01:29:45</td>
               <td nowrap="true" align="right">2s
                  
               </td>
               <td nowrap="true">
                   
                  
               </td>
            </tr>
            <tr>
               <td colspan="4" class="detailsBox">
                  <div id="TestCases.LoginTest_Login_byStatus_passed_PASS2_details"
                       class="testMethodDetails">
                     <div>
                        <b>Name: </b>Login
                     </div>
                     <div>
                        <b>Signature: </b>Login(java.lang.String, java.lang.String)[pri:1, instance:TestCases.LoginTest@fc185]
                     </div>
                     <div>
                        <b>Parameters: </b>
                        
                        test
                        
                        ,
                        
                        test
                        
                        
                     </div>
                     <div>
                        <b>Start time: </b>01:29:45
                     </div>
                     <div>
                        <b>End time: </b>01:29:47
                     </div>
                     <div>
                        <b>Duration: </b>2s
                        
                     </div>
                  </div>
               </td>
            </tr>
            <tr></tr>
            <tr id="TestCases.LoginTest_LogOut_byStatus_passed_PASS3_row"
                class="testMethodStatusPASS">
               <td width="100%" class="firstMethodCell">
                  <a onclick="toggleDetailsVisibility('TestCases.LoginTest_LogOut_byStatus_passed_PASS3_details')">LogOut()</a>
               </td>
               <td nowrap="true">01:29:47</td>
               <td nowrap="true" align="right">332 ms
                  
               </td>
               <td nowrap="true">
                   
                  
               </td>
            </tr>
            <tr>
               <td colspan="4" class="detailsBox">
                  <div id="TestCases.LoginTest_LogOut_byStatus_passed_PASS3_details"
                       class="testMethodDetails">
                     <div>
                        <b>Name: </b>LogOut
                     </div>
                     <div>
                        <b>Signature: </b>LogOut()[pri:3, instance:TestCases.LoginTest@fc185]
                     </div>
                     <div>
                        <b>Start time: </b>01:29:47
                     </div>
                     <div>
                        <b>End time: </b>01:29:48
                     </div>
                     <div>
                        <b>Duration: </b>332 ms
                        
                     </div>
                  </div>
               </td>
            </tr>
            <tr></tr>
            <tr id="TestCases.LoginTest_TearDown_byStatus_passed_PASS4_row"
                class="testMethodStatusPASS testMethodStatusCONF">
               <td width="100%" class="firstMethodCell">
                  <a onclick="toggleDetailsVisibility('TestCases.LoginTest_TearDown_byStatus_passed_PASS4_details')">TearDown()</a>
               </td>
               <td nowrap="true">01:29:51</td>
               <td nowrap="true" align="right">47 ms
                  
               </td>
               <td nowrap="true">
                   
                  
               </td>
            </tr>
            <tr>
               <td colspan="4" class="detailsBox">
                  <div id="TestCases.LoginTest_TearDown_byStatus_passed_PASS4_details"
                       class="testMethodDetails">
                     <div>
                        <b>Name: </b>TearDown
                     </div>
                     <div>
                        <b>Signature: </b>TearDown()[pri:0, instance:TestCases.LoginTest@fc185]
                     </div>
                     <div>
                        <b>Start time: </b>01:29:51
                     </div>
                     <div>
                        <b>End time: </b>01:29:51
                     </div>
                     <div>
                        <b>Duration: </b>47 ms
                        
                     </div>
                  </div>
               </td>
            </tr>
            <tr></tr>
         </table>
      </div>
      <div id="testMethodsByClass">
         <table class="testMethodsTable" cellpadding="0" cellspacing="0">
            <tr>
               <td colspan="4">
                  <h3 style="display: inline;">TestCases.FlightFinder</h3>
               </td>
            </tr>
            <tr class="methodsTableHeader">
               <td width="100%">Name</td>
               <td nowrap="true">Started</td>
               <td nowrap="true">Duration</td>
               <td>Exception</td>
            </tr>
            <tr id="TestCases.FlightFinder_FindFlight_byClass_FAIL1_row"
                class="testMethodStatusFAIL">
               <td width="100%" class="firstMethodCell">
                  <a onclick="toggleDetailsVisibility('TestCases.FlightFinder_FindFlight_byClass_FAIL1_details')">FindFlight()</a>
               </td>
               <td nowrap="true">01:29:48</td>
               <td nowrap="true" align="right">3s
                  
               </td>
               <td nowrap="true">
                  <a onclick="toggleDetailsVisibility('TestCases.FlightFinder_FindFlight_byClass_FAIL1_exception')">org.openqa.selenium.NoSuchElementException: 
                     Unable to locate element: {"method":"xpath","selector":"html/body/div[1]/table/tbody/tr/td[2]/table/tbody/tr[4]/td/table/tbody/tr/td[2]/table/tbody/tr[5]/td/form/table/tbody/tr[2]/td[2]/b/font/input[1]"}
                     Command duration or timeout: 1.78 seconds
                     For documentation on this error, please visit: http://seleniumhq.org/exceptions/no_such_element.html
                     Build info: version: '2.46.0', revision: '87c69e2', time: '2015-06-04 16:17:10'
                     System info: host: 'Lokesh-PC', ip: '192.168.1.12', os.name: 'Windows 10', os.arch: 'x86', os.version: '10.0', java.version:
                     '1.8.0_65'
                     Driver info: org.openqa.selenium.firefox.FirefoxDriver
                     Capabilities [{applicationCacheEnabled=true, rotatable=false, handlesAlerts=true, databaseEnabled=true, version=39.0, platform=WINDOWS,
                     nativeEvents=false, acceptSslCerts=true, webStorageEnabled=true, locationContextEnabled=true, browserName=firefox, takesScreenshot=true,
                     javascriptEnabled=true, cssSelectorsEnabled=true}]
                     Session ID: 66378909-81b0-4a2a-8c8f-c526a8a5abec
                     *** Element info: {Using=xpath, value=html/body/div[1]/table/tbody/tr/td[2]/table/tbody/tr[4]/td/table/tbody/tr/td[2]/table/tbody/tr[5]/td/form/table/tbody/tr[2]/td[2]/b/font/input[1]}
                     
                  </a>
                   
                  
               </td>
            </tr>
            <tr>
               <td colspan="4" class="detailsBox">
                  <div id="TestCases.FlightFinder_FindFlight_byClass_FAIL1_details"
                       class="testMethodDetails">
                     <div>
                        <b>Name: </b>FindFlight
                     </div>
                     <div>
                        <b>Signature: </b>FindFlight()[pri:1, instance:TestCases.FlightFinder@3b1d11]
                     </div>
                     <div>
                        <b>Start time: </b>01:29:48
                     </div>
                     <div>
                        <b>End time: </b>01:29:51
                     </div>
                     <div>
                        <b>Duration: </b>3s
                        
                     </div>
                  </div>
               </td>
            </tr>
            <tr>
               <td colspan="4" class="detailsBox">
                  <div id="TestCases.FlightFinder_FindFlight_byClass_FAIL1_exception"
                       class="testMethodDetails">
                     <pre style="padding: 5px; margin: 0;">org.openqa.selenium.NoSuchElementException: Unable to locate element: {"method":"xpath","selector":"html/body/div[1]/table/tbody/tr/td[2]/table/tbody/tr[4]/td/table/tbody/tr/td[2]/table/tbody/tr[5]/td/form/table/tbody/tr[2]/td[2]/b/font/input[1]"}
                        Command duration or timeout: 1.78 seconds
                        For documentation on this error, please visit: http://seleniumhq.org/exceptions/no_such_element.html
                        Build info: version: '2.46.0', revision: '87c69e2', time: '2015-06-04 16:17:10'
                        System info: host: 'Lokesh-PC', ip: '192.168.1.12', os.name: 'Windows 10', os.arch: 'x86', os.version: '10.0', java.version:
                        '1.8.0_65'
                        Driver info: org.openqa.selenium.firefox.FirefoxDriver
                        Capabilities [{applicationCacheEnabled=true, rotatable=false, handlesAlerts=true, databaseEnabled=true, version=39.0, platform=WINDOWS,
                        nativeEvents=false, acceptSslCerts=true, webStorageEnabled=true, locationContextEnabled=true, browserName=firefox, takesScreenshot=true,
                        javascriptEnabled=true, cssSelectorsEnabled=true}]
                        Session ID: 66378909-81b0-4a2a-8c8f-c526a8a5abec
                        *** Element info: {Using=xpath, value=html/body/div[1]/table/tbody/tr/td[2]/table/tbody/tr[4]/td/table/tbody/tr/td[2]/table/tbody/tr[5]/td/form/table/tbody/tr[2]/td[2]/b/font/input[1]}
                        	at sun.reflect.NativeConstructorAccessorImpl.newInstance0(Native Method)
                        	at sun.reflect.NativeConstructorAccessorImpl.newInstance(Unknown Source)
                        	at sun.reflect.DelegatingConstructorAccessorImpl.newInstance(Unknown Source)
                        	at java.lang.reflect.Constructor.newInstance(Unknown Source)
                        	at org.openqa.selenium.remote.ErrorHandler.createThrowable(ErrorHandler.java:204)
                        	at org.openqa.selenium.remote.ErrorHandler.throwIfResponseFailed(ErrorHandler.java:156)
                        	at org.openqa.selenium.remote.RemoteWebDriver.execute(RemoteWebDriver.java:605)
                        	at org.openqa.selenium.remote.RemoteWebDriver.findElement(RemoteWebDriver.java:358)
                        	at org.openqa.selenium.remote.RemoteWebDriver.findElementByXPath(RemoteWebDriver.java:455)
                        	at org.openqa.selenium.By$ByXPath.findElement(By.java:358)
                        	at org.openqa.selenium.remote.RemoteWebDriver.findElement(RemoteWebDriver.java:350)
                        	at TestCases.FlightFinder.FindFlight(FlightFinder.java:15)
                        	at sun.reflect.NativeMethodAccessorImpl.invoke0(Native Method)
                        	at sun.reflect.NativeMethodAccessorImpl.invoke(Unknown Source)
                        	at sun.reflect.DelegatingMethodAccessorImpl.invoke(Unknown Source)
                        	at java.lang.reflect.Method.invoke(Unknown Source)
                        	at org.testng.internal.MethodInvocationHelper.invokeMethod(MethodInvocationHelper.java:86)
                        	at org.testng.internal.Invoker.invokeMethod(Invoker.java:645)
                        	at org.testng.internal.Invoker.invokeTestMethod(Invoker.java:822)
                        	at org.testng.internal.Invoker.invokeTestMethods(Invoker.java:1130)
                        	at org.testng.internal.TestMethodWorker.invokeTestMethods(TestMethodWorker.java:129)
                        	at org.testng.internal.TestMethodWorker.run(TestMethodWorker.java:112)
                        	at org.testng.TestRunner.privateRun(TestRunner.java:782)
                        	at org.testng.TestRunner.run(TestRunner.java:632)
                        	at org.testng.SuiteRunner.runTest(SuiteRunner.java:366)
                        	at org.testng.SuiteRunner.runSequentially(SuiteRunner.java:361)
                        	at org.testng.SuiteRunner.privateRun(SuiteRunner.java:319)
                        	at org.testng.SuiteRunner.run(SuiteRunner.java:268)
                        	at org.testng.SuiteRunnerWorker.runSuite(SuiteRunnerWorker.java:52)
                        	at org.testng.SuiteRunnerWorker.run(SuiteRunnerWorker.java:86)
                        	at org.testng.TestNG.runSuitesSequentially(TestNG.java:1244)
                        	at org.testng.TestNG.runSuitesLocally(TestNG.java:1169)
                        	at org.testng.TestNG.run(TestNG.java:1064)
                        	at org.testng.remote.RemoteTestNG.run(RemoteTestNG.java:113)
                        	at org.testng.remote.RemoteTestNG.initAndRun(RemoteTestNG.java:206)
                        	at org.testng.remote.RemoteTestNG.main(RemoteTestNG.java:177)
                        Caused by: org.openqa.selenium.NoSuchElementException: Unable to locate element: {"method":"xpath","selector":"html/body/div[1]/table/tbody/tr/td[2]/table/tbody/tr[4]/td/table/tbody/tr/td[2]/table/tbody/tr[5]/td/form/table/tbody/tr[2]/td[2]/b/font/input[1]"}
                        For documentation on this error, please visit: http://seleniumhq.org/exceptions/no_such_element.html
                        Build info: version: '2.46.0', revision: '87c69e2', time: '2015-06-04 16:17:10'
                        System info: host: 'Lokesh-PC', ip: '192.168.1.12', os.name: 'Windows 10', os.arch: 'x86', os.version: '10.0', java.version:
                        '1.8.0_65'
                        Driver info: driver.version: unknown
                        	at &lt;anonymous class&gt;.FirefoxDriver.prototype.findElementInternal_(file:///C:/Users/Lokesh/AppData/Local/Temp/anonymous7862368747580018708webdriver-profile/extensions/fxdriver@googlecode.com/components/driver-component.js:10299)
                        	at &lt;anonymous class&gt;.FirefoxDriver.prototype.findElement(file:///C:/Users/Lokesh/AppData/Local/Temp/anonymous7862368747580018708webdriver-profile/extensions/fxdriver@googlecode.com/components/driver-component.js:10308)
                        	at &lt;anonymous class&gt;.DelayedCommand.prototype.executeInternal_/h(file:///C:/Users/Lokesh/AppData/Local/Temp/anonymous7862368747580018708webdriver-profile/extensions/fxdriver@googlecode.com/components/command-processor.js:12282)
                        	at &lt;anonymous class&gt;.DelayedCommand.prototype.executeInternal_(file:///C:/Users/Lokesh/AppData/Local/Temp/anonymous7862368747580018708webdriver-profile/extensions/fxdriver@googlecode.com/components/command-processor.js:12287)
                        	at &lt;anonymous class&gt;.DelayedCommand.prototype.execute/&lt;(file:///C:/Users/Lokesh/AppData/Local/Temp/anonymous7862368747580018708webdriver-profile/extensions/fxdriver@googlecode.com/components/command-processor.js:12229)
                     </pre>
                  </div>
               </td>
            </tr>
         </table>
         <br></br>
         <table class="testMethodsTable" cellpadding="0" cellspacing="0">
            <tr>
               <td colspan="4">
                  <h3 style="display: inline;">TestCases.LoginTest</h3>
               </td>
            </tr>
            <tr class="methodsTableHeader">
               <td width="100%">Name</td>
               <td nowrap="true">Started</td>
               <td nowrap="true">Duration</td>
               <td>Exception</td>
            </tr>
            <tr id="TestCases.LoginTest_SetUp_byClass_PASS1_row"
                class="testMethodStatusPASS testMethodStatusCONF">
               <td width="100%" class="firstMethodCell">
                  <a onclick="toggleDetailsVisibility('TestCases.LoginTest_SetUp_byClass_PASS1_details')">SetUp()</a>
               </td>
               <td nowrap="true">01:29:01</td>
               <td nowrap="true" align="right">31s
                  
               </td>
               <td nowrap="true">
                   
                  
               </td>
            </tr>
            <tr>
               <td colspan="4" class="detailsBox">
                  <div id="TestCases.LoginTest_SetUp_byClass_PASS1_details" class="testMethodDetails">
                     <div>
                        <b>Name: </b>SetUp
                     </div>
                     <div>
                        <b>Signature: </b>SetUp()[pri:0, instance:TestCases.LoginTest@fc185]
                     </div>
                     <div>
                        <b>Start time: </b>01:29:01
                     </div>
                     <div>
                        <b>End time: </b>01:29:32
                     </div>
                     <div>
                        <b>Duration: </b>31s
                        
                     </div>
                  </div>
               </td>
            </tr>
            <tr></tr>
            <tr id="TestCases.LoginTest_Login_byClass_FAIL2_row" class="testMethodStatusFAIL">
               <td width="100%" class="firstMethodCell">
                  <a onclick="toggleDetailsVisibility('TestCases.LoginTest_Login_byClass_FAIL2_details')">Login(aaalok
                     
                     ,
                     
                     aaa)
                  </a>
               </td>
               <td nowrap="true">01:29:35</td>
               <td nowrap="true" align="right">5s
                  
               </td>
               <td nowrap="true">
                  <a onclick="toggleDetailsVisibility('TestCases.LoginTest_Login_byClass_FAIL2_exception')">java.lang.AssertionError: 
                     expected [1] but found [0]
                     
                  </a>
                   
                  
               </td>
            </tr>
            <tr>
               <td colspan="4" class="detailsBox">
                  <div id="TestCases.LoginTest_Login_byClass_FAIL2_details" class="testMethodDetails">
                     <div>
                        <b>Name: </b>Login
                     </div>
                     <div>
                        <b>Signature: </b>Login(java.lang.String, java.lang.String)[pri:1, instance:TestCases.LoginTest@fc185]
                     </div>
                     <div>
                        <b>Parameters: </b>
                        
                        aaalok
                        
                        ,
                        
                        aaa
                        
                        
                     </div>
                     <div>
                        <b>Start time: </b>01:29:35
                     </div>
                     <div>
                        <b>End time: </b>01:29:40
                     </div>
                     <div>
                        <b>Duration: </b>5s
                        
                     </div>
                  </div>
               </td>
            </tr>
            <tr>
               <td colspan="4" class="detailsBox">
                  <div id="TestCases.LoginTest_Login_byClass_FAIL2_exception"
                       class="testMethodDetails">
                     <pre style="padding: 5px; margin: 0;">java.lang.AssertionError: expected [1] but found [0]
                        	at org.testng.Assert.fail(Assert.java:94)
                        	at org.testng.Assert.failNotEquals(Assert.java:513)
                        	at org.testng.Assert.assertEqualsImpl(Assert.java:135)
                        	at org.testng.Assert.assertEquals(Assert.java:116)
                        	at org.testng.Assert.assertEquals(Assert.java:389)
                        	at org.testng.Assert.assertEquals(Assert.java:399)
                        	at TestCases.LoginTest.Login(LoginTest.java:46)
                        	at sun.reflect.NativeMethodAccessorImpl.invoke0(Native Method)
                        	at sun.reflect.NativeMethodAccessorImpl.invoke(Unknown Source)
                        	at sun.reflect.DelegatingMethodAccessorImpl.invoke(Unknown Source)
                        	at java.lang.reflect.Method.invoke(Unknown Source)
                        	at org.testng.internal.MethodInvocationHelper.invokeMethod(MethodInvocationHelper.java:86)
                        	at org.testng.internal.Invoker.invokeMethod(Invoker.java:645)
                        	at org.testng.internal.Invoker.invokeTestMethod(Invoker.java:822)
                        	at org.testng.internal.Invoker.invokeTestMethods(Invoker.java:1130)
                        	at org.testng.internal.TestMethodWorker.invokeTestMethods(TestMethodWorker.java:129)
                        	at org.testng.internal.TestMethodWorker.run(TestMethodWorker.java:112)
                        	at org.testng.TestRunner.privateRun(TestRunner.java:782)
                        	at org.testng.TestRunner.run(TestRunner.java:632)
                        	at org.testng.SuiteRunner.runTest(SuiteRunner.java:366)
                        	at org.testng.SuiteRunner.runSequentially(SuiteRunner.java:361)
                        	at org.testng.SuiteRunner.privateRun(SuiteRunner.java:319)
                        	at org.testng.SuiteRunner.run(SuiteRunner.java:268)
                        	at org.testng.SuiteRunnerWorker.runSuite(SuiteRunnerWorker.java:52)
                        	at org.testng.SuiteRunnerWorker.run(SuiteRunnerWorker.java:86)
                        	at org.testng.TestNG.runSuitesSequentially(TestNG.java:1244)
                        	at org.testng.TestNG.runSuitesLocally(TestNG.java:1169)
                        	at org.testng.TestNG.run(TestNG.java:1064)
                        	at org.testng.remote.RemoteTestNG.run(RemoteTestNG.java:113)
                        	at org.testng.remote.RemoteTestNG.initAndRun(RemoteTestNG.java:206)
                        	at org.testng.remote.RemoteTestNG.main(RemoteTestNG.java:177)
                     </pre>
                  </div>
               </td>
            </tr>
            <tr id="TestCases.LoginTest_Login_byClass_FAIL3_row" class="testMethodStatusFAIL">
               <td width="100%" class="firstMethodCell">
                  <a onclick="toggleDetailsVisibility('TestCases.LoginTest_Login_byClass_FAIL3_details')">Login(testlok
                     
                     ,
                     
                     aaa)
                  </a>
               </td>
               <td nowrap="true">01:29:41</td>
               <td nowrap="true" align="right">2s
                  
               </td>
               <td nowrap="true">
                  <a onclick="toggleDetailsVisibility('TestCases.LoginTest_Login_byClass_FAIL3_exception')">java.lang.AssertionError: 
                     expected [1] but found [0]
                     
                  </a>
                   
                  
               </td>
            </tr>
            <tr>
               <td colspan="4" class="detailsBox">
                  <div id="TestCases.LoginTest_Login_byClass_FAIL3_details" class="testMethodDetails">
                     <div>
                        <b>Name: </b>Login
                     </div>
                     <div>
                        <b>Signature: </b>Login(java.lang.String, java.lang.String)[pri:1, instance:TestCases.LoginTest@fc185]
                     </div>
                     <div>
                        <b>Parameters: </b>
                        
                        testlok
                        
                        ,
                        
                        aaa
                        
                        
                     </div>
                     <div>
                        <b>Start time: </b>01:29:41
                     </div>
                     <div>
                        <b>End time: </b>01:29:43
                     </div>
                     <div>
                        <b>Duration: </b>2s
                        
                     </div>
                  </div>
               </td>
            </tr>
            <tr>
               <td colspan="4" class="detailsBox">
                  <div id="TestCases.LoginTest_Login_byClass_FAIL3_exception"
                       class="testMethodDetails">
                     <pre style="padding: 5px; margin: 0;">java.lang.AssertionError: expected [1] but found [0]
                        	at org.testng.Assert.fail(Assert.java:94)
                        	at org.testng.Assert.failNotEquals(Assert.java:513)
                        	at org.testng.Assert.assertEqualsImpl(Assert.java:135)
                        	at org.testng.Assert.assertEquals(Assert.java:116)
                        	at org.testng.Assert.assertEquals(Assert.java:389)
                        	at org.testng.Assert.assertEquals(Assert.java:399)
                        	at TestCases.LoginTest.Login(LoginTest.java:46)
                        	at sun.reflect.NativeMethodAccessorImpl.invoke0(Native Method)
                        	at sun.reflect.NativeMethodAccessorImpl.invoke(Unknown Source)
                        	at sun.reflect.DelegatingMethodAccessorImpl.invoke(Unknown Source)
                        	at java.lang.reflect.Method.invoke(Unknown Source)
                        	at org.testng.internal.MethodInvocationHelper.invokeMethod(MethodInvocationHelper.java:86)
                        	at org.testng.internal.Invoker.invokeMethod(Invoker.java:645)
                        	at org.testng.internal.Invoker.invokeTestMethod(Invoker.java:822)
                        	at org.testng.internal.Invoker.invokeTestMethods(Invoker.java:1130)
                        	at org.testng.internal.TestMethodWorker.invokeTestMethods(TestMethodWorker.java:129)
                        	at org.testng.internal.TestMethodWorker.run(TestMethodWorker.java:112)
                        	at org.testng.TestRunner.privateRun(TestRunner.java:782)
                        	at org.testng.TestRunner.run(TestRunner.java:632)
                        	at org.testng.SuiteRunner.runTest(SuiteRunner.java:366)
                        	at org.testng.SuiteRunner.runSequentially(SuiteRunner.java:361)
                        	at org.testng.SuiteRunner.privateRun(SuiteRunner.java:319)
                        	at org.testng.SuiteRunner.run(SuiteRunner.java:268)
                        	at org.testng.SuiteRunnerWorker.runSuite(SuiteRunnerWorker.java:52)
                        	at org.testng.SuiteRunnerWorker.run(SuiteRunnerWorker.java:86)
                        	at org.testng.TestNG.runSuitesSequentially(TestNG.java:1244)
                        	at org.testng.TestNG.runSuitesLocally(TestNG.java:1169)
                        	at org.testng.TestNG.run(TestNG.java:1064)
                        	at org.testng.remote.RemoteTestNG.run(RemoteTestNG.java:113)
                        	at org.testng.remote.RemoteTestNG.initAndRun(RemoteTestNG.java:206)
                        	at org.testng.remote.RemoteTestNG.main(RemoteTestNG.java:177)
                     </pre>
                  </div>
               </td>
            </tr>
            <tr id="TestCases.LoginTest_Login_byClass_FAIL4_row" class="testMethodStatusFAIL">
               <td width="100%" class="firstMethodCell">
                  <a onclick="toggleDetailsVisibility('TestCases.LoginTest_Login_byClass_FAIL4_details')">Login(bbblok
                     
                     ,
                     
                     bbb)
                  </a>
               </td>
               <td nowrap="true">01:29:43</td>
               <td nowrap="true" align="right">1s
                  
               </td>
               <td nowrap="true">
                  <a onclick="toggleDetailsVisibility('TestCases.LoginTest_Login_byClass_FAIL4_exception')">java.lang.AssertionError: 
                     expected [1] but found [0]
                     
                  </a>
                   
                  
               </td>
            </tr>
            <tr>
               <td colspan="4" class="detailsBox">
                  <div id="TestCases.LoginTest_Login_byClass_FAIL4_details" class="testMethodDetails">
                     <div>
                        <b>Name: </b>Login
                     </div>
                     <div>
                        <b>Signature: </b>Login(java.lang.String, java.lang.String)[pri:1, instance:TestCases.LoginTest@fc185]
                     </div>
                     <div>
                        <b>Parameters: </b>
                        
                        bbblok
                        
                        ,
                        
                        bbb
                        
                        
                     </div>
                     <div>
                        <b>Start time: </b>01:29:43
                     </div>
                     <div>
                        <b>End time: </b>01:29:45
                     </div>
                     <div>
                        <b>Duration: </b>1s
                        
                     </div>
                  </div>
               </td>
            </tr>
            <tr>
               <td colspan="4" class="detailsBox">
                  <div id="TestCases.LoginTest_Login_byClass_FAIL4_exception"
                       class="testMethodDetails">
                     <pre style="padding: 5px; margin: 0;">java.lang.AssertionError: expected [1] but found [0]
                        	at org.testng.Assert.fail(Assert.java:94)
                        	at org.testng.Assert.failNotEquals(Assert.java:513)
                        	at org.testng.Assert.assertEqualsImpl(Assert.java:135)
                        	at org.testng.Assert.assertEquals(Assert.java:116)
                        	at org.testng.Assert.assertEquals(Assert.java:389)
                        	at org.testng.Assert.assertEquals(Assert.java:399)
                        	at TestCases.LoginTest.Login(LoginTest.java:46)
                        	at sun.reflect.NativeMethodAccessorImpl.invoke0(Native Method)
                        	at sun.reflect.NativeMethodAccessorImpl.invoke(Unknown Source)
                        	at sun.reflect.DelegatingMethodAccessorImpl.invoke(Unknown Source)
                        	at java.lang.reflect.Method.invoke(Unknown Source)
                        	at org.testng.internal.MethodInvocationHelper.invokeMethod(MethodInvocationHelper.java:86)
                        	at org.testng.internal.Invoker.invokeMethod(Invoker.java:645)
                        	at org.testng.internal.Invoker.invokeTestMethod(Invoker.java:822)
                        	at org.testng.internal.Invoker.invokeTestMethods(Invoker.java:1130)
                        	at org.testng.internal.TestMethodWorker.invokeTestMethods(TestMethodWorker.java:129)
                        	at org.testng.internal.TestMethodWorker.run(TestMethodWorker.java:112)
                        	at org.testng.TestRunner.privateRun(TestRunner.java:782)
                        	at org.testng.TestRunner.run(TestRunner.java:632)
                        	at org.testng.SuiteRunner.runTest(SuiteRunner.java:366)
                        	at org.testng.SuiteRunner.runSequentially(SuiteRunner.java:361)
                        	at org.testng.SuiteRunner.privateRun(SuiteRunner.java:319)
                        	at org.testng.SuiteRunner.run(SuiteRunner.java:268)
                        	at org.testng.SuiteRunnerWorker.runSuite(SuiteRunnerWorker.java:52)
                        	at org.testng.SuiteRunnerWorker.run(SuiteRunnerWorker.java:86)
                        	at org.testng.TestNG.runSuitesSequentially(TestNG.java:1244)
                        	at org.testng.TestNG.runSuitesLocally(TestNG.java:1169)
                        	at org.testng.TestNG.run(TestNG.java:1064)
                        	at org.testng.remote.RemoteTestNG.run(RemoteTestNG.java:113)
                        	at org.testng.remote.RemoteTestNG.initAndRun(RemoteTestNG.java:206)
                        	at org.testng.remote.RemoteTestNG.main(RemoteTestNG.java:177)
                     </pre>
                  </div>
               </td>
            </tr>
            <tr id="TestCases.LoginTest_Login_byClass_PASS5_row" class="testMethodStatusPASS">
               <td width="100%" class="firstMethodCell">
                  <a onclick="toggleDetailsVisibility('TestCases.LoginTest_Login_byClass_PASS5_details')">Login(test
                     
                     ,
                     
                     test)
                  </a>
               </td>
               <td nowrap="true">01:29:45</td>
               <td nowrap="true" align="right">2s
                  
               </td>
               <td nowrap="true">
                   
                  
               </td>
            </tr>
            <tr>
               <td colspan="4" class="detailsBox">
                  <div id="TestCases.LoginTest_Login_byClass_PASS5_details" class="testMethodDetails">
                     <div>
                        <b>Name: </b>Login
                     </div>
                     <div>
                        <b>Signature: </b>Login(java.lang.String, java.lang.String)[pri:1, instance:TestCases.LoginTest@fc185]
                     </div>
                     <div>
                        <b>Parameters: </b>
                        
                        test
                        
                        ,
                        
                        test
                        
                        
                     </div>
                     <div>
                        <b>Start time: </b>01:29:45
                     </div>
                     <div>
                        <b>End time: </b>01:29:47
                     </div>
                     <div>
                        <b>Duration: </b>2s
                        
                     </div>
                  </div>
               </td>
            </tr>
            <tr></tr>
            <tr id="TestCases.LoginTest_LogOut_byClass_PASS6_row" class="testMethodStatusPASS">
               <td width="100%" class="firstMethodCell">
                  <a onclick="toggleDetailsVisibility('TestCases.LoginTest_LogOut_byClass_PASS6_details')">LogOut()</a>
               </td>
               <td nowrap="true">01:29:47</td>
               <td nowrap="true" align="right">332 ms
                  
               </td>
               <td nowrap="true">
                   
                  
               </td>
            </tr>
            <tr>
               <td colspan="4" class="detailsBox">
                  <div id="TestCases.LoginTest_LogOut_byClass_PASS6_details" class="testMethodDetails">
                     <div>
                        <b>Name: </b>LogOut
                     </div>
                     <div>
                        <b>Signature: </b>LogOut()[pri:3, instance:TestCases.LoginTest@fc185]
                     </div>
                     <div>
                        <b>Start time: </b>01:29:47
                     </div>
                     <div>
                        <b>End time: </b>01:29:48
                     </div>
                     <div>
                        <b>Duration: </b>332 ms
                        
                     </div>
                  </div>
               </td>
            </tr>
            <tr></tr>
            <tr id="TestCases.LoginTest_TearDown_byClass_PASS7_row"
                class="testMethodStatusPASS testMethodStatusCONF">
               <td width="100%" class="firstMethodCell">
                  <a onclick="toggleDetailsVisibility('TestCases.LoginTest_TearDown_byClass_PASS7_details')">TearDown()</a>
               </td>
               <td nowrap="true">01:29:51</td>
               <td nowrap="true" align="right">47 ms
                  
               </td>
               <td nowrap="true">
                   
                  
               </td>
            </tr>
            <tr>
               <td colspan="4" class="detailsBox">
                  <div id="TestCases.LoginTest_TearDown_byClass_PASS7_details"
                       class="testMethodDetails">
                     <div>
                        <b>Name: </b>TearDown
                     </div>
                     <div>
                        <b>Signature: </b>TearDown()[pri:0, instance:TestCases.LoginTest@fc185]
                     </div>
                     <div>
                        <b>Start time: </b>01:29:51
                     </div>
                     <div>
                        <b>End time: </b>01:29:51
                     </div>
                     <div>
                        <b>Duration: </b>47 ms
                        
                     </div>
                  </div>
               </td>
            </tr>
            <tr></tr>
         </table>
         <br></br>
      </div>
      <div style="margin-top: 15px; color: gray; text-align: center; font-size: 9px;">
         Generated with
         
         <a href="http://code.google.com/p/testng-xslt/" style="color: #8888aa;"
            target="_blank">
            TestNG XSLT
            
         </a>
      </div>
   </body>
</html>