<?xml version="1.0" encoding="UTF-8"?>
<!-- Generated by org.testng.reporters.JUnitXMLReporter -->
<testsuite hostname="LOKESH" ignored="0" name="Default test" tests="3" failures="0" timestamp="09 Mar 2017 17:24:04 GMT" time="13.017" errors="0">
  <testcase name="Login" time="3.119" classname="TestCases.LoginTest"/>
  <testcase name="FindFlight" time="4.466" classname="TestCases.LoginTest"/>
  <testcase name="LogOut" time="3.996" classname="TestCases.LoginTest"/>
</testsuite> <!-- Default test -->
