<?xml version="1.0" encoding="UTF-8"?>
<testng-results skipped="0" failed="0" ignored="0" total="6" passed="6">
  <reporter-output>
  </reporter-output>
  <suite name="MercuryFlight" duration-ms="25573" started-at="2017-03-09T17:50:37Z" finished-at="2017-03-09T17:51:02Z">
    <groups>
    </groups>
    <test name="MercuryTests" duration-ms="14652" started-at="2017-03-09T17:50:37Z" finished-at="2017-03-09T17:50:52Z">
      <class name="TestCases.LoginTest">
        <test-method status="PASS" signature="Login(java.lang.String, java.lang.String)[pri:1, instance:TestCases.LoginTest@6a41eaa2]" name="Login" duration-ms="2934" started-at="2017-03-09T23:20:38Z" data-provider="LoginData" finished-at="2017-03-09T23:20:41Z">
          <params>
            <param index="0">
              <value>
                <![CDATA[testuserlp]]>
              </value>
            </param>
            <param index="1">
              <value>
                <![CDATA[test]]>
              </value>
            </param>
          </params>
          <reporter-output>
          </reporter-output>
        </test-method> <!-- Login -->
        <test-method status="PASS" signature="FindFlight()[pri:2, instance:TestCases.LoginTest@6a41eaa2]" name="FindFlight" duration-ms="6427" started-at="2017-03-09T23:20:41Z" finished-at="2017-03-09T23:20:48Z">
          <reporter-output>
          </reporter-output>
        </test-method> <!-- FindFlight -->
        <test-method status="PASS" signature="LogOut()[pri:3, instance:TestCases.LoginTest@6a41eaa2]" name="LogOut" duration-ms="3912" started-at="2017-03-09T23:20:48Z" finished-at="2017-03-09T23:20:52Z">
          <reporter-output>
          </reporter-output>
        </test-method> <!-- LogOut -->
      </class> <!-- TestCases.LoginTest -->
    </test> <!-- MercuryTests -->
    <test name="MercuryTests2" duration-ms="10834" started-at="2017-03-09T17:50:52Z" finished-at="2017-03-09T17:51:02Z">
      <class name="TestCases.LoginTest">
        <test-method status="PASS" signature="SetUp()[pri:0, instance:TestCases.LoginTest@589838eb]" name="SetUp" is-config="true" duration-ms="6301" started-at="2017-03-09T23:20:31Z" finished-at="2017-03-09T23:20:37Z">
          <reporter-output>
          </reporter-output>
        </test-method> <!-- SetUp -->
        <test-method status="PASS" signature="Login(java.lang.String, java.lang.String)[pri:1, instance:TestCases.LoginTest@589838eb]" name="Login" duration-ms="2394" started-at="2017-03-09T23:20:52Z" data-provider="LoginData" finished-at="2017-03-09T23:20:54Z">
          <params>
            <param index="0">
              <value>
                <![CDATA[testuserlp]]>
              </value>
            </param>
            <param index="1">
              <value>
                <![CDATA[test]]>
              </value>
            </param>
          </params>
          <reporter-output>
          </reporter-output>
        </test-method> <!-- Login -->
        <test-method status="PASS" signature="FindFlight()[pri:2, instance:TestCases.LoginTest@589838eb]" name="FindFlight" duration-ms="3758" started-at="2017-03-09T23:20:54Z" finished-at="2017-03-09T23:20:58Z">
          <reporter-output>
          </reporter-output>
        </test-method> <!-- FindFlight -->
        <test-method status="PASS" signature="LogOut()[pri:3, instance:TestCases.LoginTest@589838eb]" name="LogOut" duration-ms="4589" started-at="2017-03-09T23:20:58Z" finished-at="2017-03-09T23:21:02Z">
          <reporter-output>
          </reporter-output>
        </test-method> <!-- LogOut -->
        <test-method status="PASS" signature="TearDown()[pri:0, instance:TestCases.LoginTest@589838eb]" name="TearDown" is-config="true" duration-ms="324" started-at="2017-03-09T23:21:03Z" finished-at="2017-03-09T23:21:03Z">
          <reporter-output>
          </reporter-output>
        </test-method> <!-- TearDown -->
      </class> <!-- TestCases.LoginTest -->
    </test> <!-- MercuryTests2 -->
  </suite> <!-- MercuryFlight -->
</testng-results>
