<?xml version="1.0" encoding="UTF-8"?>
<!-- Generated by org.testng.reporters.JUnitXMLReporter -->
<testsuite hostname="LOKESH" ignored="0" name="MercuryTests2" tests="3" failures="0" timestamp="09 Mar 2017 17:51:03 GMT" time="10.834" errors="0">
  <testcase name="Login" time="2.394" classname="TestCases.LoginTest"/>
  <testcase name="FindFlight" time="3.758" classname="TestCases.LoginTest"/>
  <testcase name="LogOut" time="4.589" classname="TestCases.LoginTest"/>
</testsuite> <!-- MercuryTests2 -->
