<?xml version="1.0" encoding="UTF-8"?>
<!-- Generated by org.testng.reporters.JUnitXMLReporter -->
<testsuite hostname="LOKESH" ignored="0" name="MercuryTests" tests="3" failures="0" timestamp="09 Mar 2017 17:50:52 GMT" time="14.652" errors="0">
  <testcase name="Login" time="2.934" classname="TestCases.LoginTest"/>
  <testcase name="FindFlight" time="6.427" classname="TestCases.LoginTest"/>
  <testcase name="LogOut" time="3.912" classname="TestCases.LoginTest"/>
</testsuite> <!-- MercuryTests -->
